<?xml version="1.0" encoding="UTF-8"?>
<!-- Generated by org.testng.reporters.JUnitReportReporter -->
<testsuite skipped="0" hostname="Rakyesh-PC" name="demo.TestCase2" tests="1" failures="0" timestamp="13 Dec 2019 01:54:13 GMT" time="16.345" errors="0">
  <testcase name="f" time="16.345" classname="demo.TestCase2"/>
</testsuite> <!-- demo.TestCase2 -->
