<?xml version="1.0" encoding="UTF-8"?>
<!-- Generated by org.testng.reporters.JUnitReportReporter -->
<testsuite skipped="1" hostname="Rakyesh-PC" name="demo.TestCase1" tests="2" failures="0" timestamp="01 Dec 2019 18:58:40 GMT" time="0.037" errors="0">
  <testcase name="test2" time="0.037" classname="demo.TestCase1"/>
  <testcase name="test" classname="demo.TestCase1">
    <skipped/>
  </testcase> <!-- test -->
</testsuite> <!-- demo.TestCase1 -->
