<?xml version="1.0" encoding="UTF-8"?>
<!-- Generated by org.testng.reporters.JUnitReportReporter -->
<testsuite skipped="2" hostname="Rakyesh-PC" name="demo.AllQA" tests="3" failures="0" timestamp="07 Dec 2019 01:32:01 GMT" time="65.414" errors="0">
  <testcase name="test2" time="65.414" classname="demo.AllQA"/>
  <testcase name="test1" classname="demo.AllQA">
    <skipped/>
  </testcase> <!-- test1 -->
  <testcase name="test3" classname="demo.AllQA">
    <skipped/>
  </testcase> <!-- test3 -->
</testsuite> <!-- demo.AllQA -->
