<?xml version="1.0" encoding="UTF-8"?>
<!-- Generated by org.testng.reporters.JUnitReportReporter -->
<testsuite skipped="0" hostname="Rakyesh-PC" name="demo.TestCase1" tests="1" failures="0" timestamp="2019-12-15T00:47:59 IST" time="18.155" errors="0">
  <testcase name="f" time="18.155" classname="demo.TestCase1"/>
</testsuite> <!-- demo.TestCase1 -->
